<?xml version="1.0" encoding="UTF-8"?>
<testng-results ignored="0" total="2" passed="2" failed="0" skipped="0">
  <reporter-output>
  </reporter-output>
  <suite started-at="2021-01-21T17:22:53 IST" name="Default suite" finished-at="2021-01-21T17:23:18 IST" duration-ms="25473">
    <groups>
    </groups>
    <test started-at="2021-01-21T17:22:53 IST" name="Default test" finished-at="2021-01-21T17:23:18 IST" duration-ms="25473">
      <class name="utils.ExcelDataProvider">
        <test-method is-config="true" signature="setUpTest()[pri:0, instance:utils.ExcelDataProvider@52b1beb6]" started-at="2021-01-21T17:22:53 IST" name="setUpTest" finished-at="2021-01-21T17:23:02 IST" duration-ms="9084" status="PASS">
          <reporter-output>
          </reporter-output>
        </test-method> <!-- setUpTest -->
        <test-method signature="test1(java.lang.String, java.lang.String)[pri:0, instance:utils.ExcelDataProvider@52b1beb6]" started-at="2021-01-21T17:23:03 IST" name="test1" data-provider="test1data" finished-at="2021-01-21T17:23:11 IST" duration-ms="8366" status="PASS">
          <params>
            <param index="0">
              <value>
                <![CDATA[Admin]]>
              </value>
            </param>
            <param index="1">
              <value>
                <![CDATA[abc]]>
              </value>
            </param>
          </params>
          <reporter-output>
          </reporter-output>
        </test-method> <!-- test1 -->
        <test-method signature="test1(java.lang.String, java.lang.String)[pri:0, instance:utils.ExcelDataProvider@52b1beb6]" started-at="2021-01-21T17:23:11 IST" name="test1" data-provider="test1data" finished-at="2021-01-21T17:23:18 IST" duration-ms="7094" status="PASS">
          <params>
            <param index="0">
              <value>
                <![CDATA[Admin]]>
              </value>
            </param>
            <param index="1">
              <value>
                <![CDATA[admin123]]>
              </value>
            </param>
          </params>
          <reporter-output>
          </reporter-output>
        </test-method> <!-- test1 -->
      </class> <!-- utils.ExcelDataProvider -->
    </test> <!-- Default test -->
  </suite> <!-- Default suite -->
</testng-results>
